2025-08-30 04:48:13.914 [info] Reading sessions from keychain...
2025-08-30 04:48:13.914 [info] Getting sessions for all scopes...
2025-08-30 04:48:13.914 [info] Got 0 sessions for ...
2025-08-30 04:48:13.914 [info] Getting sessions for all scopes...
2025-08-30 04:48:13.914 [info] Got 0 sessions for ...
2025-08-30 04:48:13.914 [info] Getting sessions for all scopes...
2025-08-30 04:48:13.914 [info] Got 0 sessions for ...
2025-08-30 04:48:13.914 [info] Getting sessions for all scopes...
2025-08-30 04:48:13.914 [info] Got 0 sessions for ...
2025-08-30 04:48:13.914 [info] Getting sessions for all scopes...
2025-08-30 04:48:13.914 [info] Got 0 sessions for ...
2025-08-30 04:48:13.945 [info] Getting sessions for read:user,repo,user:email,workflow...
2025-08-30 04:48:13.945 [info] Got 0 sessions for read:user,repo,user:email,workflow...
2025-08-30 04:53:13.626 [info] Getting sessions for read:user,repo,user:email,workflow...
2025-08-30 04:53:13.627 [info] Got 0 sessions for read:user,repo,user:email,workflow...
2025-08-30 04:53:14.029 [info] Getting sessions for read:user,repo,user:email,workflow...
2025-08-30 04:53:14.029 [info] Got 0 sessions for read:user,repo,user:email,workflow...
2025-08-30 04:53:16.290 [info] Logging in with 'any' account...
2025-08-30 04:53:16.290 [info] Logging in for the following scopes: read:user repo user:email workflow
2025-08-30 04:53:16.431 [info] Trying device code flow... (read:user repo user:email workflow)
2025-08-30 04:53:49.415 [info] Getting user info...
2025-08-30 04:53:49.817 [info] Got account info!
2025-08-30 04:53:49.818 [info] Storing 1 sessions...
2025-08-30 04:53:49.855 [info] Reading sessions from keychain...
2025-08-30 04:53:49.855 [info] Stored 1 sessions!
2025-08-30 04:53:49.856 [info] Login success!
2025-08-30 04:53:49.897 [info] Got stored sessions!
2025-08-30 04:53:49.965 [info] Got 1 verified sessions.
2025-08-30 04:53:50.028 [info] Getting sessions for read:user,repo,user:email,workflow...
2025-08-30 04:53:50.028 [info] Got 1 sessions for read:user,repo,user:email,workflow...
2025-08-30 05:24:25.345 [info] Getting sessions for read:user,repo,user:email,workflow...
2025-08-30 05:24:25.346 [info] Got 1 sessions for read:user,repo,user:email,workflow...
2025-08-30 05:24:47.560 [info] Getting sessions for read:user,repo,user:email,workflow...
2025-08-30 05:24:47.560 [info] Got 1 sessions for read:user,repo,user:email,workflow...
2025-08-30 05:26:23.781 [info] Getting sessions for read:user,repo,user:email,workflow...
2025-08-30 05:26:23.781 [info] Got 1 sessions for read:user,repo,user:email,workflow...
2025-08-30 05:31:21.082 [info] Getting sessions for read:user,repo,user:email,workflow...
2025-08-30 05:31:21.082 [info] Got 1 sessions for read:user,repo,user:email,workflow...
